0 verbose cli /opt/homebrew/Cellar/node/21.2.0/bin/node /opt/homebrew/bin/npm
1 info using npm@10.2.3
2 info using node@v21.2.0
3 timing npm:load:whichnode Completed in 1ms
4 timing config:load:defaults Completed in 0ms
5 timing config:load:file:/opt/homebrew/lib/node_modules/npm/npmrc Completed in 0ms
6 timing config:load:builtin Completed in 2ms
7 timing config:load:cli Completed in 0ms
8 timing config:load:env Completed in 1ms
9 timing config:load:project Completed in 0ms
10 timing config:load:file:/Users/prajaktakumbhar/.npmrc Completed in 1ms
11 timing config:load:user Completed in 1ms
12 timing config:load:file:/opt/homebrew/etc/npmrc Completed in 0ms
13 timing config:load:global Completed in 0ms
14 timing config:load:setEnvs Completed in 0ms
15 timing config:load Completed in 4ms
16 timing npm:load:configload Completed in 4ms
17 timing config:load:flatten Completed in 1ms
18 timing npm:load:mkdirpcache Completed in 1ms
19 timing npm:load:mkdirplogs Completed in 0ms
20 verbose title npm start
21 verbose argv "start"
22 timing npm:load:setTitle Completed in 2ms
23 timing npm:load:display Completed in 1ms
24 verbose logfile logs-max:10 dir:/Users/prajaktakumbhar/Downloads/Logistics 2/clean/_logs/2023-11-26T20_48_02_867Z-
25 verbose logfile /Users/prajaktakumbhar/Downloads/Logistics 2/clean/_logs/2023-11-26T20_48_02_867Z-debug-0.log
26 timing npm:load:logFile Completed in 4ms
27 timing npm:load:timers Completed in 0ms
28 timing npm:load:configScope Completed in 0ms
29 timing npm:load Completed in 21ms
30 silly logfile done cleaning log files
31 timing command:run-script Completed in 69ms
32 timing command:start Completed in 72ms
33 verbose stack Error: Missing script: "start"
33 verbose stack
33 verbose stack Did you mean one of these?
33 verbose stack     npm star # Mark your favorite packages
33 verbose stack     npm stars # View packages marked as favorites
33 verbose stack
33 verbose stack To see a list of scripts, run:
33 verbose stack   npm run
33 verbose stack     at RunScript.run (/opt/homebrew/lib/node_modules/npm/lib/commands/run-script.js:94:13)
33 verbose stack     at async module.exports (/opt/homebrew/lib/node_modules/npm/lib/cli-entry.js:61:5)
34 verbose cwd /Users/prajaktakumbhar/Downloads/Logistics 2
35 verbose Darwin 23.0.0
36 verbose node v21.2.0
37 verbose npm  v10.2.3
38 error Missing script: "start"
38 error
38 error Did you mean one of these?
38 error     npm star # Mark your favorite packages
38 error     npm stars # View packages marked as favorites
38 error
38 error To see a list of scripts, run:
38 error   npm run
39 verbose exit 1
40 timing npm Completed in 126ms
41 verbose code 1
42 error A complete log of this run can be found in: /Users/prajaktakumbhar/Downloads/Logistics 2/clean/_logs/2023-11-26T20_48_02_867Z-debug-0.log
