0 verbose cli /opt/homebrew/Cellar/node/21.2.0/bin/node /opt/homebrew/bin/npm
1 info using npm@10.2.3
2 info using node@v21.2.0
3 timing npm:load:whichnode Completed in 1ms
4 timing config:load:defaults Completed in 1ms
5 timing config:load:file:/opt/homebrew/lib/node_modules/npm/npmrc Completed in 0ms
6 timing config:load:builtin Completed in 0ms
7 timing config:load:cli Completed in 0ms
8 timing config:load:env Completed in 1ms
9 timing config:load:file:/Users/prajaktakumbhar/Downloads/Logistics-Hub-main/Logistics-Hub-main/.npmrc Completed in 0ms
10 timing config:load:project Completed in 1ms
11 timing config:load:file:/Users/prajaktakumbhar/.npmrc Completed in 0ms
12 timing config:load:user Completed in 0ms
13 timing config:load:file:/opt/homebrew/etc/npmrc Completed in 0ms
14 timing config:load:global Completed in 0ms
15 timing config:load:setEnvs Completed in 1ms
16 timing config:load Completed in 5ms
17 timing npm:load:configload Completed in 5ms
18 timing config:load:flatten Completed in 1ms
19 timing npm:load:mkdirpcache Completed in 2ms
20 timing npm:load:mkdirplogs Completed in 0ms
21 verbose title npm i react-chartjs-2
22 verbose argv "i" "react-chartjs-2"
23 timing npm:load:setTitle Completed in 2ms
24 timing npm:load:display Completed in 0ms
25 verbose logfile logs-max:10 dir:/Users/prajaktakumbhar/Downloads/Logistics-Hub-main/Logistics-Hub-main/clean/_logs/2023-11-17T19_13_40_887Z-
26 verbose logfile /Users/prajaktakumbhar/Downloads/Logistics-Hub-main/Logistics-Hub-main/clean/_logs/2023-11-17T19_13_40_887Z-debug-0.log
27 timing npm:load:logFile Completed in 5ms
28 timing npm:load:timers Completed in 0ms
29 timing npm:load:configScope Completed in 0ms
30 timing npm:load Completed in 22ms
31 timing arborist:ctor Completed in 0ms
32 silly logfile done cleaning log files
33 verbose shrinkwrap failed to load node_modules/.package-lock.json out of date, updated: node_modules
34 timing idealTree:init Completed in 308ms
35 timing idealTree:userRequests Completed in 0ms
36 silly idealTree buildDeps
37 silly fetch manifest react-chartjs-2@*
38 http fetch GET 200 https://registry.npmjs.org/react-chartjs-2 349ms (cache revalidated)
39 silly fetch manifest chart.js@^4.1.1
40 http fetch GET 200 https://registry.npmjs.org/chart.js 54ms (cache revalidated)
41 silly fetch manifest react@^18.2.0
42 http fetch GET 200 https://registry.npmjs.org/react 38ms (cache revalidated)
43 silly placeDep ROOT react-chartjs-2@5.2.0 OK for: ewa@0.1.0 want: *
44 silly placeDep ROOT chart.js@4.4.0 OK for: react-chartjs-2@5.2.0 want: ^4.1.1
45 silly fetch manifest @kurkle/color@^0.3.0
46 http fetch GET 200 https://registry.npmjs.org/@kurkle%2fcolor 56ms (cache revalidated)
47 timing idealTree:#root Completed in 513ms
48 silly fetch manifest react@^17.0.0
49 timing idealTree Completed in 836ms
50 timing command:i Completed in 841ms
51 verbose stack Error: could not resolve
51 verbose stack     at PlaceDep.failPeerConflict (/opt/homebrew/lib/node_modules/npm/node_modules/@npmcli/arborist/lib/place-dep.js:503:25)
51 verbose stack     at new PlaceDep (/opt/homebrew/lib/node_modules/npm/node_modules/@npmcli/arborist/lib/place-dep.js:157:21)
51 verbose stack     at #buildDepStep (/opt/homebrew/lib/node_modules/npm/node_modules/@npmcli/arborist/lib/arborist/build-ideal-tree.js:933:18)
51 verbose stack     at async Arborist.buildIdealTree (/opt/homebrew/lib/node_modules/npm/node_modules/@npmcli/arborist/lib/arborist/build-ideal-tree.js:196:7)
51 verbose stack     at async Promise.all (index 1)
51 verbose stack     at async Arborist.reify (/opt/homebrew/lib/node_modules/npm/node_modules/@npmcli/arborist/lib/arborist/reify.js:159:5)
51 verbose stack     at async Install.exec (/opt/homebrew/lib/node_modules/npm/lib/commands/install.js:152:5)
51 verbose stack     at async module.exports (/opt/homebrew/lib/node_modules/npm/lib/cli-entry.js:61:5)
52 verbose cwd /Users/prajaktakumbhar/Downloads/Logistics-Hub-main/Logistics-Hub-main
53 verbose Darwin 23.0.0
54 verbose node v21.2.0
55 verbose npm  v10.2.3
56 error code ERESOLVE
57 error ERESOLVE could not resolve
58 error
59 error While resolving: [1m@mui/styles[22m@[1m5.14.14[22m
59 error Found: [1mreact[22m@[1m18.2.0[22m[2m[22m
59 error [2mnode_modules/react[22m
59 error   [35mpeer[39m [1mreact[22m@"[1m>=16.8.0[22m" from [1m@emotion/react[22m@[1m11.11.1[22m[2m[22m
59 error   [2mnode_modules/@emotion/react[22m
59 error     [35mpeer[39m [1m@emotion/react[22m@"[1m^11.0.0-rc.0[22m" from [1m@emotion/styled[22m@[1m11.11.0[22m[2m[22m
59 error     [2mnode_modules/@emotion/styled[22m
59 error       peerOptional [1m@emotion/styled[22m@"[1m^11.3.0[22m" from [1m@mui/lab[22m@[1m5.0.0-alpha.153[22m[2m[22m
59 error       [2mnode_modules/@mui/lab[22m
59 error         [1m@mui/lab[22m@"[1m^5.0.0-alpha.153[22m" from the root project
59 error       5 more (@mui/material, @mui/styled-engine, @mui/system, ...)
59 error     peerOptional [1m@emotion/react[22m@"[1m^11.5.0[22m" from [1m@mui/lab[22m@[1m5.0.0-alpha.153[22m[2m[22m
59 error     [2mnode_modules/@mui/lab[22m
59 error       [1m@mui/lab[22m@"[1m^5.0.0-alpha.153[22m" from the root project
59 error     5 more (@mui/material, @mui/styled-engine, @mui/system, ...)
59 error   [35mpeer[39m [1mreact[22m@"[1m>=16.8.0[22m" from [1m@emotion/styled[22m@[1m11.11.0[22m[2m[22m
59 error   [2mnode_modules/@emotion/styled[22m
59 error     peerOptional [1m@emotion/styled[22m@"[1m^11.3.0[22m" from [1m@mui/lab[22m@[1m5.0.0-alpha.153[22m[2m[22m
59 error     [2mnode_modules/@mui/lab[22m
59 error       [1m@mui/lab[22m@"[1m^5.0.0-alpha.153[22m" from the root project
59 error     peerOptional [1m@emotion/styled[22m@"[1m^11.3.0[22m" from [1m@mui/material[22m@[1m5.14.14[22m[2m[22m
59 error     [2mnode_modules/@mui/material[22m
59 error       [35mpeer[39m [1m@mui/material[22m@"[1m^5.0.0[22m" from [1m@mui/icons-material[22m@[1m5.14.14[22m[2m[22m
59 error       [2mnode_modules/@mui/icons-material[22m
59 error         [1m@mui/icons-material[22m@"[1m^5.14.13[22m" from the root project
59 error       3 more (@mui/lab, @mui/x-date-pickers, the root project)
59 error     4 more (@mui/styled-engine, @mui/system, @mui/x-date-pickers, the root project)
59 error   24 more (@emotion/use-insertion-effect-with-fallbacks, ...)
59 error
59 error Could not resolve dependency:
59 error [35mpeer[39m [1mreact[22m@"[1m^17.0.0[22m" from [1m@mui/styles[22m@[1m5.14.14[22m[2m[22m
59 error [2mnode_modules/@mui/styles[22m
59 error   [1m@mui/styles[22m@"[1m^5.14.13[22m" from the root project
59 error
59 error Conflicting peer dependency: [1mreact[22m@[1m17.0.2[22m[2m[22m
59 error [2mnode_modules/react[22m
59 error   [35mpeer[39m [1mreact[22m@"[1m^17.0.0[22m" from [1m@mui/styles[22m@[1m5.14.14[22m[2m[22m
59 error   [2mnode_modules/@mui/styles[22m
59 error     [1m@mui/styles[22m@"[1m^5.14.13[22m" from the root project
59 error
59 error Fix the upstream dependency conflict, or retry
59 error this command with --force or --legacy-peer-deps
59 error to accept an incorrect (and potentially broken) dependency resolution.
60 error
60 error
60 error For a full report see:
60 error /Users/prajaktakumbhar/Downloads/Logistics-Hub-main/Logistics-Hub-main/clean/_logs/2023-11-17T19_13_40_887Z-eresolve-report.txt
61 verbose exit 1
62 timing npm Completed in 979ms
63 verbose unfinished npm timer reify 1700248421023
64 verbose unfinished npm timer reify:loadTrees 1700248421026
65 verbose unfinished npm timer idealTree:buildDeps 1700248421335
66 verbose unfinished npm timer idealTree:node_modules/@mui/styles 1700248421848
67 verbose code 1
68 error A complete log of this run can be found in: /Users/prajaktakumbhar/Downloads/Logistics-Hub-main/Logistics-Hub-main/clean/_logs/2023-11-17T19_13_40_887Z-debug-0.log
