0 verbose cli /usr/local/bin/node /opt/homebrew/bin/npm
1 info using npm@10.2.3
2 info using node@v18.17.1
3 timing npm:load:whichnode Completed in 1ms
4 timing config:load:defaults Completed in 1ms
5 timing config:load:file:/opt/homebrew/lib/node_modules/npm/npmrc Completed in 1ms
6 timing config:load:builtin Completed in 1ms
7 timing config:load:cli Completed in 1ms
8 timing config:load:env Completed in 0ms
9 timing config:load:file:/Users/prajaktakumbhar/Downloads/Logistics-Hub-main/Logistics-Hub-main/.npmrc Completed in 0ms
10 timing config:load:project Completed in 3ms
11 timing config:load:file:/Users/prajaktakumbhar/.npmrc Completed in 0ms
12 timing config:load:user Completed in 0ms
13 timing config:load:file:/opt/homebrew/etc/npmrc Completed in 0ms
14 timing config:load:global Completed in 0ms
15 timing config:load:setEnvs Completed in 0ms
16 timing config:load Completed in 6ms
17 timing npm:load:configload Completed in 6ms
18 timing config:load:flatten Completed in 1ms
19 timing npm:load:mkdirpcache Completed in 0ms
20 timing npm:load:mkdirplogs Completed in 0ms
21 verbose title npm i
22 verbose argv "i"
23 timing npm:load:setTitle Completed in 8ms
24 timing npm:load:display Completed in 0ms
25 verbose logfile logs-max:10 dir:/Users/prajaktakumbhar/Downloads/Logistics-Hub-main/Logistics-Hub-main/clean/_logs/2023-11-17T15_00_52_802Z-
26 verbose logfile /Users/prajaktakumbhar/Downloads/Logistics-Hub-main/Logistics-Hub-main/clean/_logs/2023-11-17T15_00_52_802Z-debug-0.log
27 timing npm:load:logFile Completed in 5ms
28 timing npm:load:timers Completed in 0ms
29 timing npm:load:configScope Completed in 0ms
30 timing npm:load Completed in 28ms
31 timing arborist:ctor Completed in 0ms
32 silly logfile done cleaning log files
33 timing idealTree:init Completed in 421ms
34 timing idealTree:userRequests Completed in 0ms
35 silly idealTree buildDeps
36 timing idealTree:#root Completed in 0ms
37 silly fetch manifest react@^17.0.0
38 http fetch GET 200 https://registry.npmjs.org/npm 793ms (cache miss)
39 http fetch GET 200 https://registry.npmjs.org/react 361ms (cache miss)
40 timing idealTree Completed in 802ms
41 timing command:i Completed in 831ms
42 notice
42 notice New [32mpatch[39m version of npm available! [31m10.2.3[39m -> [32m10.2.4[39m
42 notice Changelog: [36mhttps://github.com/npm/cli/releases/tag/v10.2.4[39m
42 notice Run [32mnpm install -g npm@10.2.4[39m to update!
42 notice
43 verbose stack Error: could not resolve
43 verbose stack     at PlaceDep.failPeerConflict (/opt/homebrew/lib/node_modules/npm/node_modules/@npmcli/arborist/lib/place-dep.js:503:25)
43 verbose stack     at new PlaceDep (/opt/homebrew/lib/node_modules/npm/node_modules/@npmcli/arborist/lib/place-dep.js:157:21)
43 verbose stack     at #buildDepStep (/opt/homebrew/lib/node_modules/npm/node_modules/@npmcli/arborist/lib/arborist/build-ideal-tree.js:933:18)
43 verbose stack     at async Arborist.buildIdealTree (/opt/homebrew/lib/node_modules/npm/node_modules/@npmcli/arborist/lib/arborist/build-ideal-tree.js:196:7)
43 verbose stack     at async Promise.all (index 1)
43 verbose stack     at async Arborist.reify (/opt/homebrew/lib/node_modules/npm/node_modules/@npmcli/arborist/lib/arborist/reify.js:159:5)
43 verbose stack     at async Install.exec (/opt/homebrew/lib/node_modules/npm/lib/commands/install.js:152:5)
43 verbose stack     at async module.exports (/opt/homebrew/lib/node_modules/npm/lib/cli-entry.js:61:5)
44 verbose cwd /Users/prajaktakumbhar/Downloads/Logistics-Hub-main/Logistics-Hub-main
45 verbose Darwin 23.0.0
46 verbose node v18.17.1
47 verbose npm  v10.2.3
48 error code ERESOLVE
49 error ERESOLVE could not resolve
50 error
51 error While resolving: [1m@mui/styles[22m@[1m5.14.14[22m
51 error Found: [1mreact[22m@[1m18.2.0[22m[2m[22m
51 error [2mnode_modules/react[22m
51 error   [1mreact[22m@"[1m^18.2.0[22m" from the root project
51 error   [35mpeer[39m [1mreact[22m@"[1m>=16.8.0[22m" from [1m@emotion/react[22m@[1m11.11.1[22m[2m[22m
51 error   [2mnode_modules/@emotion/react[22m
51 error     [1m@emotion/react[22m@"[1m^11.11.1[22m" from the root project
51 error     [35mpeer[39m [1m@emotion/react[22m@"[1m^11.0.0-rc.0[22m" from [1m@emotion/styled[22m@[1m11.11.0[22m[2m[22m
51 error     [2mnode_modules/@emotion/styled[22m
51 error       [1m@emotion/styled[22m@"[1m^11.11.0[22m" from the root project
51 error       5 more (@mui/lab, @mui/material, @mui/styled-engine, ...)
51 error     5 more (@mui/lab, @mui/material, @mui/styled-engine, ...)
51 error   23 more (@emotion/styled, ...)
51 error
51 error Could not resolve dependency:
51 error [35mpeer[39m [1mreact[22m@"[1m^17.0.0[22m" from [1m@mui/styles[22m@[1m5.14.14[22m[2m[22m
51 error [2mnode_modules/@mui/styles[22m
51 error   [1m@mui/styles[22m@"[1m^5.14.13[22m" from the root project
51 error
51 error Conflicting peer dependency: [1mreact[22m@[1m17.0.2[22m[2m[22m
51 error [2mnode_modules/react[22m
51 error   [35mpeer[39m [1mreact[22m@"[1m^17.0.0[22m" from [1m@mui/styles[22m@[1m5.14.14[22m[2m[22m
51 error   [2mnode_modules/@mui/styles[22m
51 error     [1m@mui/styles[22m@"[1m^5.14.13[22m" from the root project
51 error
51 error Fix the upstream dependency conflict, or retry
51 error this command with --force or --legacy-peer-deps
51 error to accept an incorrect (and potentially broken) dependency resolution.
52 error
52 error
52 error For a full report see:
52 error /Users/prajaktakumbhar/Downloads/Logistics-Hub-main/Logistics-Hub-main/clean/_logs/2023-11-17T15_00_52_802Z-eresolve-report.txt
53 verbose exit 1
54 timing npm Completed in 944ms
55 verbose unfinished npm timer reify 1700233252914
56 verbose unfinished npm timer reify:loadTrees 1700233252941
57 verbose unfinished npm timer idealTree:buildDeps 1700233253363
58 verbose unfinished npm timer idealTree:node_modules/@mui/styles 1700233253363
59 verbose code 1
60 error A complete log of this run can be found in: /Users/prajaktakumbhar/Downloads/Logistics-Hub-main/Logistics-Hub-main/clean/_logs/2023-11-17T15_00_52_802Z-debug-0.log
