0 verbose cli /usr/local/bin/node /opt/homebrew/bin/npm
1 info using npm@10.2.3
2 info using node@v18.17.1
3 timing npm:load:whichnode Completed in 0ms
4 timing config:load:defaults Completed in 1ms
5 timing config:load:file:/opt/homebrew/lib/node_modules/npm/npmrc Completed in 2ms
6 timing config:load:builtin Completed in 3ms
7 timing config:load:cli Completed in 0ms
8 timing config:load:env Completed in 1ms
9 timing config:load:file:/Users/prajaktakumbhar/Downloads/Logistics-Hub-main/backend/.npmrc Completed in 0ms
10 timing config:load:project Completed in 2ms
11 timing config:load:file:/Users/prajaktakumbhar/.npmrc Completed in 1ms
12 timing config:load:user Completed in 1ms
13 timing config:load:file:/opt/homebrew/etc/npmrc Completed in 0ms
14 timing config:load:global Completed in 0ms
15 timing config:load:setEnvs Completed in 0ms
16 timing config:load Completed in 8ms
17 timing npm:load:configload Completed in 8ms
18 timing config:load:flatten Completed in 1ms
19 timing npm:load:mkdirpcache Completed in 0ms
20 timing npm:load:mkdirplogs Completed in 0ms
21 verbose title npm i
22 verbose argv "i"
23 timing npm:load:setTitle Completed in 6ms
24 timing npm:load:display Completed in 0ms
25 verbose logfile logs-max:10 dir:/Users/prajaktakumbhar/Downloads/Logistics-Hub-main/backend/clean/_logs/2023-11-17T15_00_44_266Z-
26 verbose logfile /Users/prajaktakumbhar/Downloads/Logistics-Hub-main/backend/clean/_logs/2023-11-17T15_00_44_266Z-debug-0.log
27 timing npm:load:logFile Completed in 5ms
28 timing npm:load:timers Completed in 0ms
29 timing npm:load:configScope Completed in 0ms
30 timing npm:load Completed in 27ms
31 timing arborist:ctor Completed in 1ms
32 silly logfile done cleaning log files
33 timing idealTree:init Completed in 24ms
34 timing idealTree:userRequests Completed in 0ms
35 silly idealTree buildDeps
36 timing idealTree:#root Completed in 1ms
37 timing idealTree:buildDeps Completed in 1ms
38 timing idealTree:fixDepFlags Completed in 0ms
39 timing idealTree Completed in 26ms
40 timing arborist:ctor Completed in 0ms
41 timing reify:loadTrees Completed in 43ms
42 timing reify:diffTrees Completed in 2ms
43 silly reify moves {}
44 timing reify:retireShallow Completed in 1ms
45 timing reify:createSparse Completed in 0ms
46 timing reify:loadBundles Completed in 0ms
47 silly audit bulk request {
47 silly audit   '@mongodb-js/saslprep': [ '1.1.1' ],
47 silly audit   '@types/node': [ '20.9.0' ],
47 silly audit   '@types/webidl-conversions': [ '7.0.3' ],
47 silly audit   '@types/whatwg-url': [ '8.2.2' ],
47 silly audit   accepts: [ '1.3.8' ],
47 silly audit   'array-flatten': [ '1.1.1' ],
47 silly audit   'bignumber.js': [ '9.0.0' ],
47 silly audit   'body-parser': [ '1.20.1' ],
47 silly audit   bson: [ '6.2.0' ],
47 silly audit   bytes: [ '3.1.2' ],
47 silly audit   'call-bind': [ '1.0.5' ],
47 silly audit   'content-disposition': [ '0.5.4' ],
47 silly audit   'content-type': [ '1.0.5' ],
47 silly audit   cookie: [ '0.5.0' ],
47 silly audit   'cookie-signature': [ '1.0.6' ],
47 silly audit   'core-util-is': [ '1.0.3' ],
47 silly audit   cors: [ '2.8.5' ],
47 silly audit   debug: [ '2.6.9', '4.3.4' ],
47 silly audit   'define-data-property': [ '1.1.1' ],
47 silly audit   depd: [ '2.0.0' ],
47 silly audit   destroy: [ '1.2.0' ],
47 silly audit   'ee-first': [ '1.1.1' ],
47 silly audit   encodeurl: [ '1.0.2' ],
47 silly audit   'escape-html': [ '1.0.3' ],
47 silly audit   etag: [ '1.8.1' ],
47 silly audit   express: [ '4.18.2' ],
47 silly audit   finalhandler: [ '1.2.0' ],
47 silly audit   forwarded: [ '0.2.0' ],
47 silly audit   fresh: [ '0.5.2' ],
47 silly audit   'function-bind': [ '1.1.2' ],
47 silly audit   'get-intrinsic': [ '1.2.2' ],
47 silly audit   gopd: [ '1.0.1' ],
47 silly audit   'has-property-descriptors': [ '1.0.1' ],
47 silly audit   'has-proto': [ '1.0.1' ],
47 silly audit   'has-symbols': [ '1.0.3' ],
47 silly audit   hasown: [ '2.0.0' ],
47 silly audit   'http-errors': [ '2.0.0' ],
47 silly audit   'iconv-lite': [ '0.4.24' ],
47 silly audit   inherits: [ '2.0.4' ],
47 silly audit   'ipaddr.js': [ '1.9.1' ],
47 silly audit   isarray: [ '1.0.0' ],
47 silly audit   kareem: [ '2.5.1' ],
47 silly audit   'media-typer': [ '0.3.0' ],
47 silly audit   'memory-pager': [ '1.5.0' ],
47 silly audit   'merge-descriptors': [ '1.0.1' ],
47 silly audit   methods: [ '1.1.2' ],
47 silly audit   mime: [ '1.6.0' ],
47 silly audit   'mime-db': [ '1.52.0' ],
47 silly audit   'mime-types': [ '2.1.35' ],
47 silly audit   mongodb: [ '6.2.0' ],
47 silly audit   'mongodb-connection-string-url': [ '2.6.0' ],
47 silly audit   mongoose: [ '8.0.1' ],
47 silly audit   ms: [ '2.1.3', '2.1.2', '2.0.0' ],
47 silly audit   mpath: [ '0.9.0' ],
47 silly audit   mquery: [ '5.0.0' ],
47 silly audit   mysql: [ '2.18.1' ],
47 silly audit   'safe-buffer': [ '5.1.2', '5.2.1' ],
47 silly audit   negotiator: [ '0.6.3' ],
47 silly audit   'object-assign': [ '4.1.1' ],
47 silly audit   'object-inspect': [ '1.13.1' ],
47 silly audit   'on-finished': [ '2.4.1' ],
47 silly audit   parseurl: [ '1.3.3' ],
47 silly audit   'path-to-regexp': [ '0.1.7' ],
47 silly audit   'process-nextick-args': [ '2.0.1' ],
47 silly audit   'proxy-addr': [ '2.0.7' ],
47 silly audit   punycode: [ '2.3.1' ],
47 silly audit   qs: [ '6.11.0' ],
47 silly audit   'range-parser': [ '1.2.1' ],
47 silly audit   'raw-body': [ '2.5.1' ],
47 silly audit   'readable-stream': [ '2.3.7' ],
47 silly audit   'safer-buffer': [ '2.1.2' ],
47 silly audit   send: [ '0.18.0' ],
47 silly audit   'serve-static': [ '1.15.0' ],
47 silly audit   'set-function-length': [ '1.1.1' ],
47 silly audit   setprototypeof: [ '1.2.0' ],
47 silly audit   'side-channel': [ '1.0.4' ],
47 silly audit   sift: [ '16.0.1' ],
47 silly audit   'sparse-bitfield': [ '3.0.3' ],
47 silly audit   sqlstring: [ '2.3.1' ],
47 silly audit   statuses: [ '2.0.1' ],
47 silly audit   string_decoder: [ '1.1.1' ],
47 silly audit   toidentifier: [ '1.0.1' ],
47 silly audit   tr46: [ '3.0.0' ],
47 silly audit   'type-is': [ '1.6.18' ],
47 silly audit   'undici-types': [ '5.26.5' ],
47 silly audit   unpipe: [ '1.0.0' ],
47 silly audit   'util-deprecate': [ '1.0.2' ],
47 silly audit   'utils-merge': [ '1.0.1' ],
47 silly audit   vary: [ '1.1.2' ],
47 silly audit   'webidl-conversions': [ '7.0.0' ],
47 silly audit   'whatwg-url': [ '11.0.0' ]
47 silly audit }
48 timing reify:unpack Completed in 0ms
49 timing reify:unretire Completed in 0ms
50 timing build:queue Completed in 0ms
51 timing build:deps Completed in 3ms
52 timing build Completed in 3ms
53 timing reify:build Completed in 3ms
54 timing reify:trash Completed in 0ms
55 timing reify:save Completed in 16ms
56 http fetch POST 200 https://registry.npmjs.org/-/npm/v1/security/advisories/bulk 304ms
57 timing auditReport:getReport Completed in 309ms
58 silly audit report {}
59 timing auditReport:init Completed in 0ms
60 timing reify:audit Completed in 309ms
61 timing reify Completed in 384ms
62 timing command:i Completed in 393ms
63 verbose exit 0
64 timing npm Completed in 536ms
65 info ok
