0 verbose cli /opt/homebrew/Cellar/node/21.2.0/bin/node /opt/homebrew/bin/npm
1 info using npm@10.2.3
2 info using node@v21.2.0
3 timing npm:load:whichnode Completed in 1ms
4 timing config:load:defaults Completed in 1ms
5 timing config:load:file:/opt/homebrew/lib/node_modules/npm/npmrc Completed in 0ms
6 timing config:load:builtin Completed in 0ms
7 timing config:load:cli Completed in 0ms
8 timing config:load:env Completed in 1ms
9 timing config:load:file:/Users/prajaktakumbhar/Downloads/Logistics-Hub-main/backend/.npmrc Completed in 0ms
10 timing config:load:project Completed in 1ms
11 timing config:load:file:/Users/prajaktakumbhar/.npmrc Completed in 0ms
12 timing config:load:user Completed in 0ms
13 timing config:load:file:/opt/homebrew/etc/npmrc Completed in 0ms
14 timing config:load:global Completed in 0ms
15 timing config:load:setEnvs Completed in 1ms
16 timing config:load Completed in 5ms
17 timing npm:load:configload Completed in 5ms
18 timing config:load:flatten Completed in 1ms
19 timing npm:load:mkdirpcache Completed in 1ms
20 timing npm:load:mkdirplogs Completed in 0ms
21 verbose title npm start index.js
22 verbose argv "start" "index.js"
23 timing npm:load:setTitle Completed in 3ms
24 timing npm:load:display Completed in 0ms
25 verbose logfile logs-max:10 dir:/Users/prajaktakumbhar/Downloads/Logistics-Hub-main/backend/clean/_logs/2023-11-17T16_21_37_111Z-
26 verbose logfile /Users/prajaktakumbhar/Downloads/Logistics-Hub-main/backend/clean/_logs/2023-11-17T16_21_37_111Z-debug-0.log
27 timing npm:load:logFile Completed in 4ms
28 timing npm:load:timers Completed in 0ms
29 timing npm:load:configScope Completed in 0ms
30 timing npm:load Completed in 21ms
31 silly logfile done cleaning log files
32 timing command:run-script Completed in 122ms
33 timing command:start Completed in 126ms
34 verbose exit 1
35 timing npm Completed in 169ms
36 verbose code 1
