0 verbose cli /usr/local/bin/node /opt/homebrew/bin/npm
1 info using npm@10.2.3
2 info using node@v18.17.1
3 timing npm:load:whichnode Completed in 0ms
4 timing config:load:defaults Completed in 0ms
5 timing config:load:file:/opt/homebrew/lib/node_modules/npm/npmrc Completed in 1ms
6 timing config:load:builtin Completed in 1ms
7 timing config:load:cli Completed in 1ms
8 timing config:load:env Completed in 1ms
9 timing config:load:file:/Users/prajaktakumbhar/Downloads/Logistics-Hub-main/backend/.npmrc Completed in 0ms
10 timing config:load:project Completed in 2ms
11 timing config:load:file:/Users/prajaktakumbhar/.npmrc Completed in 1ms
12 timing config:load:user Completed in 1ms
13 timing config:load:file:/opt/homebrew/etc/npmrc Completed in 0ms
14 timing config:load:global Completed in 0ms
15 timing config:load:setEnvs Completed in 0ms
16 timing config:load Completed in 6ms
17 timing npm:load:configload Completed in 6ms
18 timing config:load:flatten Completed in 1ms
19 timing npm:load:mkdirpcache Completed in 0ms
20 timing npm:load:mkdirplogs Completed in 0ms
21 verbose title npm start
22 verbose argv "start"
23 timing npm:load:setTitle Completed in 5ms
24 timing npm:load:display Completed in 1ms
25 verbose logfile logs-max:10 dir:/Users/prajaktakumbhar/Downloads/Logistics-Hub-main/backend/clean/_logs/2023-11-17T15_00_47_967Z-
26 verbose logfile /Users/prajaktakumbhar/Downloads/Logistics-Hub-main/backend/clean/_logs/2023-11-17T15_00_47_967Z-debug-0.log
27 timing npm:load:logFile Completed in 4ms
28 timing npm:load:timers Completed in 0ms
29 timing npm:load:configScope Completed in 0ms
30 timing npm:load Completed in 25ms
31 silly logfile done cleaning log files
32 http fetch GET 200 https://registry.npmjs.org/npm 422ms (cache miss)
33 http fetch GET 200 https://registry.npmjs.org/npm 443ms (cache miss)
